<?xml version="1.0" encoding="UTF-8"?>
<robot generator="Robot 3.1.2 (Python 3.7.6 on win32)" generated="20200328 15:15:47.367" rpa="false">
<suite id="s1" name="TC1 GET Request" source="C:\Users\admin\PycharmProjects\HTTPRequest\TestCases\TC1_GET_Request.robot">
<test id="s1-t1" name="Get_weatherInfo">
<kw name="Create Session" library="RequestsLibrary">
<doc>Create Session: create a HTTP session to a server</doc>
<arguments>
<arg>myssion</arg>
<arg>${base_url}</arg>
</arguments>
<msg timestamp="20200328 15:15:48.042" level="INFO">Creating Session using : alias=myssion, url=http://restapi.demoqa.com, headers={},                     cookies={}, auth=None, timeout=None, proxies=None, verify=False,                     debug=0 </msg>
<status status="PASS" starttime="20200328 15:15:48.042" endtime="20200328 15:15:48.042"></status>
</kw>
<kw name="Get Request" library="RequestsLibrary">
<doc>Send a GET request on the session object found using the
given `alias`</doc>
<arguments>
<arg>myssion</arg>
<arg>/utilities/weather/city/${city}</arg>
</arguments>
<assign>
<var>${response}</var>
</assign>
<msg timestamp="20200328 15:15:48.043" level="INFO">GET Request using : uri=/utilities/weather/city/Hanoi, params=None, allow_redirects=True, timeout=None
headers={'User-Agent': 'python-requests/2.23.0', 'Accept-Encoding': 'gzip, deflate', 'Accept': '*/*', 'Connection': 'keep-alive'} 
data=None 
json=None</msg>
<msg timestamp="20200328 15:15:49.551" level="INFO">${response} = &lt;Response [200]&gt;</msg>
<status status="PASS" starttime="20200328 15:15:48.043" endtime="20200328 15:15:49.551"></status>
</kw>
<kw name="convert to200">
<assign>
<var>${status_code}=</var>
</assign>
<msg timestamp="20200328 15:15:49.558" level="FAIL">No keyword with name 'convert to200' found.</msg>
<status status="FAIL" starttime="20200328 15:15:49.558" endtime="20200328 15:15:49.558"></status>
</kw>
<status status="FAIL" starttime="20200328 15:15:48.042" endtime="20200328 15:15:49.559" critical="yes">No keyword with name 'convert to200' found.</status>
</test>
<status status="FAIL" starttime="20200328 15:15:47.369" endtime="20200328 15:15:49.563"></status>
</suite>
<statistics>
<total>
<stat pass="0" fail="1">Critical Tests</stat>
<stat pass="0" fail="1">All Tests</stat>
</total>
<tag>
</tag>
<suite>
<stat pass="0" fail="1" id="s1" name="TC1 GET Request">TC1 GET Request</stat>
</suite>
</statistics>
<errors>
</errors>
</robot>
