<?xml version="1.0" encoding="UTF-8"?>
<robot generator="Robot 3.1.2 (Python 3.7.6 on win32)" generated="20200325 19:18:07.816" rpa="false">
<suite id="s1" name="TC10 BearerAuthType" source="C:\Users\admin\PycharmProjects\HTTPRequest\TestCases\TC10_BearerAuthType.robot">
<test id="s1-t1" name="BearerAuthTest:">
<kw name="Get File" library="OperatingSystem">
<doc>Returns the contents of a specified file.</doc>
<arguments>
<arg>C:/Users/admin/desktop/json.txt</arg>
</arguments>
<assign>
<var>${data_file}</var>
</assign>
<msg timestamp="20200325 19:18:07.941" level="INFO" html="yes">Getting file '&lt;a href="file://C:\Users\admin\desktop\json.txt"&gt;C:\Users\admin\desktop\json.txt&lt;/a&gt;'.</msg>
<msg timestamp="20200325 19:18:07.956" level="INFO">${data_file} = {
  "to_id": 0,
  "category": 1,
  "title": "asssssss",
  "content": "asaaaaaaaa",
  "isAnonymous": false
}</msg>
<status status="PASS" starttime="20200325 19:18:07.941" endtime="20200325 19:18:07.956"></status>
</kw>
<kw name="Log To Console" library="BuiltIn">
<doc>Logs the given message to the console.</doc>
<arguments>
<arg>${data_file}</arg>
</arguments>
<status status="PASS" starttime="20200325 19:18:07.956" endtime="20200325 19:18:07.956"></status>
</kw>
<status status="PASS" starttime="20200325 19:18:07.941" endtime="20200325 19:18:07.956" critical="yes"></status>
</test>
<status status="PASS" starttime="20200325 19:18:07.831" endtime="20200325 19:18:07.956"></status>
</suite>
<statistics>
<total>
<stat pass="1" fail="0">Critical Tests</stat>
<stat pass="1" fail="0">All Tests</stat>
</total>
<tag>
</tag>
<suite>
<stat pass="1" fail="0" id="s1" name="TC10 BearerAuthType">TC10 BearerAuthType</stat>
</suite>
</statistics>
<errors>
</errors>
</robot>
